Compilación iniciada a las 05/08/2015 16:06:09.
Proyecto "C:\Users\SIANNA\Documents\Visual Studio 2012\Projects\Unsharp_Masking\Unsharp_Masking\Unsharp_Masking.vcxproj" en el nodo 2 (Build destinos).
ClCompile:
  C:\Program Files\Microsoft Visual Studio 11.0\VC\bin\CL.exe /c /IC:\opencv\build\include /ZI /nologo /W3 /WX- /sdl /Od /Oy- /D _MBCS /Gm /EHsc /RTC1 /MDd /GS /fp:precise /Zc:wchar_t /Zc:forScope /Fo"Debug\\" /Fd"Debug\vc110.pdb" /Gd /TP /analyze- /errorReport:prompt Unsharp_Masking.cpp
  Unsharp_Masking.cpp
c:\users\sianna\documents\visual studio 2012\projects\unsharp_masking\unsharp_masking\unsharp_masking.cpp(295): warning C4244: 'inicializando' : conversión de 'int' a 'float'; posible pérdida de datos
c:\users\sianna\documents\visual studio 2012\projects\unsharp_masking\unsharp_masking\unsharp_masking.cpp(301): warning C4244: '=' : conversión de 'float' a 'uchar'; posible pérdida de datos
c:\users\sianna\documents\visual studio 2012\projects\unsharp_masking\unsharp_masking\unsharp_masking.cpp(283): warning C4101: 'i' : variable local sin referencia
c:\users\sianna\documents\visual studio 2012\projects\unsharp_masking\unsharp_masking\unsharp_masking.cpp(283): warning C4101: 'j' : variable local sin referencia
c:\users\sianna\documents\visual studio 2012\projects\unsharp_masking\unsharp_masking\unsharp_masking.cpp(362): warning C4244: '=' : conversión de 'int' a 'float'; posible pérdida de datos
c:\users\sianna\documents\visual studio 2012\projects\unsharp_masking\unsharp_masking\unsharp_masking.cpp(363): warning C4244: '=' : conversión de 'int' a 'float'; posible pérdida de datos
c:\users\sianna\documents\visual studio 2012\projects\unsharp_masking\unsharp_masking\unsharp_masking.cpp(373): warning C4244: '=' : conversión de 'float' a 'uchar'; posible pérdida de datos
c:\users\sianna\documents\visual studio 2012\projects\unsharp_masking\unsharp_masking\unsharp_masking.cpp(318): warning C4101: 'i' : variable local sin referencia
c:\users\sianna\documents\visual studio 2012\projects\unsharp_masking\unsharp_masking\unsharp_masking.cpp(318): warning C4101: 'j' : variable local sin referencia
Link:
  C:\Program Files\Microsoft Visual Studio 11.0\VC\bin\link.exe /ERRORREPORT:PROMPT /OUT:"C:\Users\SIANNA\Documents\Visual Studio 2012\Projects\Unsharp_Masking\Debug\Unsharp_Masking.exe" /INCREMENTAL /NOLOGO /LIBPATH:C:\opencv\build\x86\vc10\lib opencv_core249d.lib opencv_imgproc249d.lib opencv_highgui249d.lib opencv_ml249d.lib opencv_video249d.lib opencv_features2d249d.lib opencv_calib3d249d.lib opencv_objdetect249d.lib opencv_contrib249d.lib opencv_legacy249d.lib opencv_flann249d.lib kernel32.lib user32.lib gdi32.lib winspool.lib comdlg32.lib advapi32.lib shell32.lib ole32.lib oleaut32.lib uuid.lib odbc32.lib odbccp32.lib /MANIFEST /MANIFESTUAC:"level='asInvoker' uiAccess='false'" /manifest:embed /DEBUG /PDB:"C:\Users\SIANNA\Documents\Visual Studio 2012\Projects\Unsharp_Masking\Debug\Unsharp_Masking.pdb" /TLBID:1 /DYNAMICBASE /NXCOMPAT /IMPLIB:"C:\Users\SIANNA\Documents\Visual Studio 2012\Projects\Unsharp_Masking\Debug\Unsharp_Masking.lib" /MACHINE:X86 Debug\Unsharp_Masking.obj
  Unsharp_Masking.vcxproj -> C:\Users\SIANNA\Documents\Visual Studio 2012\Projects\Unsharp_Masking\Debug\Unsharp_Masking.exe
Compilación del proyecto terminada "C:\Users\SIANNA\Documents\Visual Studio 2012\Projects\Unsharp_Masking\Unsharp_Masking\Unsharp_Masking.vcxproj" (Build destinos).

Compilación correcta.

Tiempo transcurrido 00:00:06.97
